<?xml version="1.0" encoding="UTF-8"?>
<testsuite xmlns:xsi="http://www.w3.org/2001/XMLSchema-instance" xsi:noNamespaceSchemaLocation="https://maven.apache.org/surefire/maven-surefire-plugin/xsd/surefire-test-report.xsd" name="com.javawithprince.AppTest" time="0.062" tests="3" errors="2" skipped="0" failures="0">
  <properties>
    <property name="awt.toolkit" value="sun.lwawt.macosx.LWCToolkit"/>
    <property name="java.specification.version" value="12"/>
    <property name="sun.jnu.encoding" value="UTF-8"/>
    <property name="java.class.path" value="/Users/princeshah/Codebase/RepoBuilder/target/test-classes:/Users/princeshah/Codebase/RepoBuilder/target/classes:/Users/princeshah/.m2/repository/junit/junit/4.11/junit-4.11.jar:/Users/princeshah/.m2/repository/org/hamcrest/hamcrest-core/1.3/hamcrest-core-1.3.jar:"/>
    <property name="java.vm.vendor" value="Oracle Corporation"/>
    <property name="sun.arch.data.model" value="64"/>
    <property name="java.vendor.url" value="https://java.oracle.com/"/>
    <property name="os.name" value="Mac OS X"/>
    <property name="java.vm.specification.version" value="12"/>
    <property name="sun.java.launcher" value="SUN_STANDARD"/>
    <property name="user.country" value="US"/>
    <property name="sun.boot.library.path" value="/Library/Java/JavaVirtualMachines/openjdk-12.0.1.jdk/Contents/Home/lib"/>
    <property name="sun.java.command" value="/Users/princeshah/Codebase/RepoBuilder/target/surefire/surefirebooter18315248239046903662.jar /Users/princeshah/Codebase/RepoBuilder/target/surefire 2019-06-17T15-15-50_642-jvmRun1 surefire3873831000279673486tmp surefire_0354635685558263566tmp"/>
    <property name="http.nonProxyHosts" value="local|*.local|169.254/16|*.169.254/16"/>
    <property name="jdk.debug" value="release"/>
    <property name="surefire.test.class.path" value="/Users/princeshah/Codebase/RepoBuilder/target/test-classes:/Users/princeshah/Codebase/RepoBuilder/target/classes:/Users/princeshah/.m2/repository/junit/junit/4.11/junit-4.11.jar:/Users/princeshah/.m2/repository/org/hamcrest/hamcrest-core/1.3/hamcrest-core-1.3.jar:"/>
    <property name="sun.cpu.endian" value="little"/>
    <property name="user.home" value="/Users/princeshah"/>
    <property name="user.language" value="en"/>
    <property name="java.specification.vendor" value="Oracle Corporation"/>
    <property name="java.version.date" value="2019-04-16"/>
    <property name="java.home" value="/Library/Java/JavaVirtualMachines/openjdk-12.0.1.jdk/Contents/Home"/>
    <property name="file.separator" value="/"/>
    <property name="basedir" value="/Users/princeshah/Codebase/RepoBuilder"/>
    <property name="java.vm.compressedOopsMode" value="Zero based"/>
    <property name="line.separator" value="&#10;"/>
    <property name="java.specification.name" value="Java Platform API Specification"/>
    <property name="java.vm.specification.vendor" value="Oracle Corporation"/>
    <property name="java.awt.graphicsenv" value="sun.awt.CGraphicsEnvironment"/>
    <property name="surefire.real.class.path" value="/Users/princeshah/Codebase/RepoBuilder/target/surefire/surefirebooter18315248239046903662.jar"/>
    <property name="sun.management.compiler" value="HotSpot 64-Bit Tiered Compilers"/>
    <property name="ftp.nonProxyHosts" value="local|*.local|169.254/16|*.169.254/16"/>
    <property name="java.runtime.version" value="12.0.1+12"/>
    <property name="user.name" value="princeshah"/>
    <property name="path.separator" value=":"/>
    <property name="os.version" value="10.12.6"/>
    <property name="java.runtime.name" value="OpenJDK Runtime Environment"/>
    <property name="file.encoding" value="UTF-8"/>
    <property name="java.vm.name" value="OpenJDK 64-Bit Server VM"/>
    <property name="localRepository" value="/Users/princeshah/.m2/repository"/>
    <property name="java.vendor.url.bug" value="https://bugreport.java.com/bugreport/"/>
    <property name="java.io.tmpdir" value="/var/folders/kh/sn1jgb5x5c1gkkvfwrtrd_5m0000gn/T/"/>
    <property name="java.version" value="12.0.1"/>
    <property name="user.dir" value="/Users/princeshah/Codebase/RepoBuilder"/>
    <property name="os.arch" value="x86_64"/>
    <property name="java.vm.specification.name" value="Java Virtual Machine Specification"/>
    <property name="java.library.path" value="/Users/princeshah/Library/Java/Extensions:/Library/Java/Extensions:/Network/Library/Java/Extensions:/System/Library/Java/Extensions:/usr/lib/java:."/>
    <property name="java.vm.info" value="mixed mode, sharing"/>
    <property name="java.vendor" value="Oracle Corporation"/>
    <property name="java.vm.version" value="12.0.1+12"/>
    <property name="sun.io.unicode.encoding" value="UnicodeBig"/>
    <property name="socksNonProxyHosts" value="local|*.local|169.254/16|*.169.254/16"/>
    <property name="java.class.version" value="56.0"/>
  </properties>
  <testcase name="detectCycleTest" classname="com.javawithprince.AppTest" time="0.008"/>
  <testcase name="recursivelyRemoveDependencyt" classname="com.javawithprince.AppTest" time="0.007">
    <error message="Cyclic depedencies detected" type="java.lang.IllegalArgumentException">java.lang.IllegalArgumentException: Cyclic depedencies detected
	at com.javawithprince.AppTest.recursivelyRemoveDependencyt(AppTest.java:82)
</error>
  </testcase>
  <testcase name="longInterdependentTest" classname="com.javawithprince.AppTest" time="0.003">
    <error message="Cyclic depedencies detected" type="java.lang.IllegalArgumentException">java.lang.IllegalArgumentException: Cyclic depedencies detected
	at com.javawithprince.AppTest.longInterdependentTest(AppTest.java:43)
</error>
  </testcase>
</testsuite>